2025/04/16 19:16:13 localhost:4040%!(EXTRA int=0)
2025/04/16 19:16:13 localhost:4041%!(EXTRA int=1)
2025/04/16 19:16:13 localhost:4042%!(EXTRA int=2)
2025/04/16 19:16:13 localhost:4043%!(EXTRA int=3)
2025/04/16 19:16:13 localhost:4044%!(EXTRA int=4)
2025/04/16 19:16:13 serving rpc on portlocalhost:4042
Connected to localhost:4040
Connected to localhost:4041
Connected to localhost:4043
Connected to localhost:4044
Resetting timer to: 7.69107122s
Received vote request from 3 || term: 1
Voted for 3
Resetting timer to: 9.89230135s
Received AppendEntry from 3 || term: 1
Responded to AppendEntry argument from  3
Resetting timer to: 8.633286729s
Received AppendEntry from 3 || term: 1
Responded to AppendEntry argument from  3
Added new entry to log in index. Last applied index: 0
Resetting timer to: 9.76356842s
Received AppendEntry from 3 || term: 1
Responded to AppendEntry argument from  3
Resetting timer to: 5.402785693s
Received AppendEntry from 3 || term: 1
Responded to AppendEntry argument from  3
Resetting timer to: 8.757309893s
Received AppendEntry from 3 || term: 1
Responded to AppendEntry argument from  3
Resetting timer to: 7.148006921s
Received AppendEntry from 3 || term: 1
Responded to AppendEntry argument from  3
Resetting timer to: 9.643188921s
Received AppendEntry from 3 || term: 1
Responded to AppendEntry argument from  3
Added new entry to log in index. Last applied index: 1
Resetting timer to: 7.042985812s
Received AppendEntry from 3 || term: 1
Responded to AppendEntry argument from  3
Resetting timer to: 8.570808527s
Received AppendEntry from 3 || term: 1
Responded to AppendEntry argument from  3
Resetting timer to: 5.426977554s
Received AppendEntry from 3 || term: 1
Responded to AppendEntry argument from  3
Resetting timer to: 6.671691556s
Received AppendEntry from 3 || term: 1
Responded to AppendEntry argument from  3
Resetting timer to: 9.623849623s
Received AppendEntry from 3 || term: 1
Responded to AppendEntry argument from  3
Resetting timer to: 8.168476955s
Received AppendEntry from 3 || term: 1
Responded to AppendEntry argument from  3
Added new entry to log in index. Last applied index: 2
Resetting timer to: 7.358505064s
Received AppendEntry from 3 || term: 1
Responded to AppendEntry argument from  3
Resetting timer to: 8.617075007s
Received AppendEntry from 3 || term: 1
Responded to AppendEntry argument from  3
Resetting timer to: 6.783943306s
Received AppendEntry from 3 || term: 1
Responded to AppendEntry argument from  3
Resetting timer to: 7.951088928s
Received AppendEntry from 3 || term: 1
Responded to AppendEntry argument from  3
Resetting timer to: 5.806652399s
Received AppendEntry from 3 || term: 1
Responded to AppendEntry argument from  3
Resetting timer to: 9.082382597s
Received AppendEntry from 3 || term: 1
Responded to AppendEntry argument from  3
Added new entry to log in index. Last applied index: 3
Resetting timer to: 6.391581002s
Received AppendEntry from 3 || term: 1
Responded to AppendEntry argument from  3
Resetting timer to: 9.195451747s
Received AppendEntry from 3 || term: 1
Responded to AppendEntry argument from  3
Resetting timer to: 6.419550835s
Received AppendEntry from 3 || term: 1
Responded to AppendEntry argument from  3
Resetting timer to: 6.674707475s
Received AppendEntry from 3 || term: 1
Responded to AppendEntry argument from  3
Resetting timer to: 6.906299379s
Received AppendEntry from 3 || term: 1
Responded to AppendEntry argument from  3
Resetting timer to: 8.39119926s
Received AppendEntry from 3 || term: 1
Responded to AppendEntry argument from  3
Added new entry to log in index. Last applied index: 4
Resetting timer to: 9.423581683s
Received AppendEntry from 3 || term: 1
Responded to AppendEntry argument from  3
Resetting timer to: 7.670639074s
Received AppendEntry from 3 || term: 1
Responded to AppendEntry argument from  3
Resetting timer to: 5.640395336s
Received AppendEntry from 3 || term: 1
Responded to AppendEntry argument from  3
Resetting timer to: 9.26691708s
Received AppendEntry from 3 || term: 1
Responded to AppendEntry argument from  3
Resetting timer to: 9.784383768s
Received AppendEntry from 3 || term: 1
Responded to AppendEntry argument from  3
Resetting timer to: 7.225201812s
Received AppendEntry from 3 || term: 1
Responded to AppendEntry argument from  3
Added new entry to log in index. Last applied index: 5
Resetting timer to: 8.137306264s
Received AppendEntry from 3 || term: 1
Responded to AppendEntry argument from  3
Resetting timer to: 5.691941101s
Received AppendEntry from 3 || term: 1
Responded to AppendEntry argument from  3
Resetting timer to: 8.797978173s
Received AppendEntry from 3 || term: 1
Responded to AppendEntry argument from  3
Resetting timer to: 5.506324066s
